<?xml version="1.0" encoding="UTF-8"?>
<testsuite name="SILab2Test" tests="2" skipped="0" failures="0" errors="0" timestamp="2020-06-12T22:20:16" hostname="Tome-PC" time="0.194">
  <properties/>
  <testcase name="testMultipleStatement()" classname="SILab2Test" time="0.186"/>
  <testcase name="testEveryStatement()" classname="SILab2Test" time="0.005"/>
  <system-out><![CDATA[]]></system-out>
  <system-err><![CDATA[]]></system-err>
</testsuite>
